2022-09-30 18:28:25.512  WARN 20364 --- [main] ory$DuplicateJsonObjectContextCustomizer : 

Found multiple occurrences of org.json.JSONObject on the class path:

	jar:file:/C:/Users/Administrator/.m2/repository/org/json/json/20210307/json-20210307.jar!/org/json/JSONObject.class
	jar:file:/C:/Users/Administrator/.m2/repository/com/vaadin/external/google/android-json/0.0.20131108.vaadin1/android-json-0.0.20131108.vaadin1.jar!/org/json/JSONObject.class

You may wish to exclude one of them to ensure predictable runtime behavior

2022-09-30 18:28:25.533  INFO 20364 --- [main] com.pactconsumer.PactConsumerTest        : Starting PactConsumerTest using Java 15.0.2 on RC2090 with PID 20364 (started by Administrator in F:\PACT\BooksCatalogue)
2022-09-30 18:28:25.536  INFO 20364 --- [main] com.pactconsumer.PactConsumerTest        : No active profile set, falling back to default profiles: default
2022-09-30 18:28:26.362  INFO 20364 --- [main] .s.d.r.c.RepositoryConfigurationDelegate : Bootstrapping Spring Data JPA repositories in DEFAULT mode.
2022-09-30 18:28:26.429  INFO 20364 --- [main] .s.d.r.c.RepositoryConfigurationDelegate : Finished Spring Data repository scanning in 58 ms. Found 1 JPA repository interfaces.
2022-09-30 18:28:26.884  INFO 20364 --- [main] com.zaxxer.hikari.HikariDataSource       : HikariPool-1 - Starting...
2022-09-30 18:28:26.890  WARN 20364 --- [main] com.zaxxer.hikari.util.DriverDataSource  : Registered driver with driverClassName=com.mysql.jdbc.Driver was not found, trying direct instantiation.
2022-09-30 18:28:27.225  INFO 20364 --- [main] com.zaxxer.hikari.HikariDataSource       : HikariPool-1 - Start completed.
2022-09-30 18:28:27.362  INFO 20364 --- [main] o.hibernate.jpa.internal.util.LogHelper  : HHH000204: Processing PersistenceUnitInfo [name: default]
2022-09-30 18:28:27.412  INFO 20364 --- [main] org.hibernate.Version                    : HHH000412: Hibernate ORM core version 5.4.32.Final
2022-09-30 18:28:27.544  INFO 20364 --- [main] o.hibernate.annotations.common.Version   : HCANN000001: Hibernate Commons Annotations {5.1.2.Final}
2022-09-30 18:28:27.643  INFO 20364 --- [main] org.hibernate.dialect.Dialect            : HHH000400: Using dialect: org.hibernate.dialect.MySQL5InnoDBDialect
2022-09-30 18:28:28.131  INFO 20364 --- [main] o.h.e.t.j.p.i.JtaPlatformInitiator       : HHH000490: Using JtaPlatform implementation: [org.hibernate.engine.transaction.jta.platform.internal.NoJtaPlatform]
2022-09-30 18:28:28.139  INFO 20364 --- [main] j.LocalContainerEntityManagerFactoryBean : Initialized JPA EntityManagerFactory for persistence unit 'default'
2022-09-30 18:28:28.698  WARN 20364 --- [main] JpaBaseConfiguration$JpaWebConfiguration : spring.jpa.open-in-view is enabled by default. Therefore, database queries may be performed during view rendering. Explicitly configure spring.jpa.open-in-view to disable this warning
2022-09-30 18:28:29.920  INFO 20364 --- [main] com.pactconsumer.PactConsumerTest        : Started PactConsumerTest in 4.65 seconds (JVM running for 5.858)
2022-09-30 18:28:30.680  WARN 20364 --- [Thread-2] au.com.dius.pact.core.support.Metrics    : 
            Please note: we are tracking events anonymously to gather important usage statistics like JVM version
            and operating system. To disable tracking, set the 'pact_do_not_track' system property or environment
            variable to 'true'.
            
2022-09-30 18:28:31.154  INFO 20364 --- [SpringApplicationShutdownHook] j.LocalContainerEntityManagerFactoryBean : Closing JPA EntityManagerFactory for persistence unit 'default'
2022-09-30 18:28:31.157  INFO 20364 --- [SpringApplicationShutdownHook] com.zaxxer.hikari.HikariDataSource       : HikariPool-1 - Shutdown initiated...
2022-09-30 18:28:31.168  INFO 20364 --- [SpringApplicationShutdownHook] com.zaxxer.hikari.HikariDataSource       : HikariPool-1 - Shutdown completed.
